<?xml version="1.0" encoding="UTF-8"?>
<!-- Generated by org.testng.reporters.JUnitReportReporter -->
<testsuite skipped="0" hostname="DESKTOP-4MA78KG" name="rediff.pack.RediffTestRunner" tests="1" failures="0" timestamp="2021-06-29T21:56:50 EDT" time="11.552" errors="0">
  <testcase name="rediffMailAlertTest" time="11.552" classname="rediff.pack.RediffTestRunner"/>
  <system-out/>
</testsuite> <!-- rediff.pack.RediffTestRunner -->
